Copyright 1986-2020 Xilinx, Inc. All Rights Reserved.
-----------------------------------------------------------------------------------------------------------------------------------------------
| Tool Version : Vivado v.2020.2 (win64) Build 3064766 Wed Nov 18 09:12:45 MST 2020
| Date         : Wed May  7 10:43:20 2025
| Host         : DESKTOP-7CFQ9ND running 64-bit major release  (build 9200)
| Command      : report_methodology -file MCU_methodology_drc_routed.rpt -pb MCU_methodology_drc_routed.pb -rpx MCU_methodology_drc_routed.rpx
| Design       : MCU
| Device       : xc7a35tcpg236-1
| Speed File   : -1
| Design State : Fully Routed
-----------------------------------------------------------------------------------------------------------------------------------------------

Report Methodology

Table of Contents
-----------------
1. REPORT SUMMARY
2. REPORT DETAILS

1. REPORT SUMMARY
-----------------
            Netlist: netlist
          Floorplan: design_1
      Design limits: <entire design considered>
             Max violations: <unlimited>
             Violations found: 260
+-----------+------------------+-------------------------------+------------+
| Rule      | Severity         | Description                   | Violations |
+-----------+------------------+-------------------------------+------------+
| TIMING-17 | Critical Warning | Non-clocked sequential cell   | 112        |
| TIMING-16 | Warning          | Large setup violation         | 118        |
| TIMING-18 | Warning          | Missing input or output delay | 30         |
+-----------+------------------+-------------------------------+------------+

2. REPORT DETAILS
-----------------
TIMING-17#1 Critical Warning
Non-clocked sequential cell  
The clock pin U_FndController_Periph/U_FND/fndCom_reg[0]/C is not reached by a timing clock
Related violations: <none>

TIMING-17#2 Critical Warning
Non-clocked sequential cell  
The clock pin U_FndController_Periph/U_FND/fndCom_reg[1]/C is not reached by a timing clock
Related violations: <none>

TIMING-17#3 Critical Warning
Non-clocked sequential cell  
The clock pin U_FndController_Periph/U_FND/fndCom_reg[2]/C is not reached by a timing clock
Related violations: <none>

TIMING-17#4 Critical Warning
Non-clocked sequential cell  
The clock pin U_FndController_Periph/U_FND/fndCom_reg[3]/C is not reached by a timing clock
Related violations: <none>

TIMING-17#5 Critical Warning
Non-clocked sequential cell  
The clock pin U_FndController_Periph/U_FND/fndFont_reg[0]/C is not reached by a timing clock
Related violations: <none>

TIMING-17#6 Critical Warning
Non-clocked sequential cell  
The clock pin U_FndController_Periph/U_FND/fndFont_reg[1]/C is not reached by a timing clock
Related violations: <none>

TIMING-17#7 Critical Warning
Non-clocked sequential cell  
The clock pin U_FndController_Periph/U_FND/fndFont_reg[2]/C is not reached by a timing clock
Related violations: <none>

TIMING-17#8 Critical Warning
Non-clocked sequential cell  
The clock pin U_FndController_Periph/U_FND/fndFont_reg[3]/C is not reached by a timing clock
Related violations: <none>

TIMING-17#9 Critical Warning
Non-clocked sequential cell  
The clock pin U_FndController_Periph/U_FND/fndFont_reg[4]/C is not reached by a timing clock
Related violations: <none>

TIMING-17#10 Critical Warning
Non-clocked sequential cell  
The clock pin U_FndController_Periph/U_FND/fndFont_reg[5]/C is not reached by a timing clock
Related violations: <none>

TIMING-17#11 Critical Warning
Non-clocked sequential cell  
The clock pin U_FndController_Periph/U_FND/fndFont_reg[6]/C is not reached by a timing clock
Related violations: <none>

TIMING-17#12 Critical Warning
Non-clocked sequential cell  
The clock pin U_FndController_Periph/U_FND/fndFont_reg[7]/C is not reached by a timing clock
Related violations: <none>

TIMING-17#13 Critical Warning
Non-clocked sequential cell  
The clock pin U_Timer/U_Timer/tcnr_reg[0]/C is not reached by a timing clock
Related violations: <none>

TIMING-17#14 Critical Warning
Non-clocked sequential cell  
The clock pin U_Timer/U_Timer/tcnr_reg[10]/C is not reached by a timing clock
Related violations: <none>

TIMING-17#15 Critical Warning
Non-clocked sequential cell  
The clock pin U_Timer/U_Timer/tcnr_reg[11]/C is not reached by a timing clock
Related violations: <none>

TIMING-17#16 Critical Warning
Non-clocked sequential cell  
The clock pin U_Timer/U_Timer/tcnr_reg[12]/C is not reached by a timing clock
Related violations: <none>

TIMING-17#17 Critical Warning
Non-clocked sequential cell  
The clock pin U_Timer/U_Timer/tcnr_reg[13]/C is not reached by a timing clock
Related violations: <none>

TIMING-17#18 Critical Warning
Non-clocked sequential cell  
The clock pin U_Timer/U_Timer/tcnr_reg[14]/C is not reached by a timing clock
Related violations: <none>

TIMING-17#19 Critical Warning
Non-clocked sequential cell  
The clock pin U_Timer/U_Timer/tcnr_reg[15]/C is not reached by a timing clock
Related violations: <none>

TIMING-17#20 Critical Warning
Non-clocked sequential cell  
The clock pin U_Timer/U_Timer/tcnr_reg[16]/C is not reached by a timing clock
Related violations: <none>

TIMING-17#21 Critical Warning
Non-clocked sequential cell  
The clock pin U_Timer/U_Timer/tcnr_reg[17]/C is not reached by a timing clock
Related violations: <none>

TIMING-17#22 Critical Warning
Non-clocked sequential cell  
The clock pin U_Timer/U_Timer/tcnr_reg[18]/C is not reached by a timing clock
Related violations: <none>

TIMING-17#23 Critical Warning
Non-clocked sequential cell  
The clock pin U_Timer/U_Timer/tcnr_reg[19]/C is not reached by a timing clock
Related violations: <none>

TIMING-17#24 Critical Warning
Non-clocked sequential cell  
The clock pin U_Timer/U_Timer/tcnr_reg[1]/C is not reached by a timing clock
Related violations: <none>

TIMING-17#25 Critical Warning
Non-clocked sequential cell  
The clock pin U_Timer/U_Timer/tcnr_reg[20]/C is not reached by a timing clock
Related violations: <none>

TIMING-17#26 Critical Warning
Non-clocked sequential cell  
The clock pin U_Timer/U_Timer/tcnr_reg[21]/C is not reached by a timing clock
Related violations: <none>

TIMING-17#27 Critical Warning
Non-clocked sequential cell  
The clock pin U_Timer/U_Timer/tcnr_reg[22]/C is not reached by a timing clock
Related violations: <none>

TIMING-17#28 Critical Warning
Non-clocked sequential cell  
The clock pin U_Timer/U_Timer/tcnr_reg[23]/C is not reached by a timing clock
Related violations: <none>

TIMING-17#29 Critical Warning
Non-clocked sequential cell  
The clock pin U_Timer/U_Timer/tcnr_reg[24]/C is not reached by a timing clock
Related violations: <none>

TIMING-17#30 Critical Warning
Non-clocked sequential cell  
The clock pin U_Timer/U_Timer/tcnr_reg[25]/C is not reached by a timing clock
Related violations: <none>

TIMING-17#31 Critical Warning
Non-clocked sequential cell  
The clock pin U_Timer/U_Timer/tcnr_reg[26]/C is not reached by a timing clock
Related violations: <none>

TIMING-17#32 Critical Warning
Non-clocked sequential cell  
The clock pin U_Timer/U_Timer/tcnr_reg[27]/C is not reached by a timing clock
Related violations: <none>

TIMING-17#33 Critical Warning
Non-clocked sequential cell  
The clock pin U_Timer/U_Timer/tcnr_reg[28]/C is not reached by a timing clock
Related violations: <none>

TIMING-17#34 Critical Warning
Non-clocked sequential cell  
The clock pin U_Timer/U_Timer/tcnr_reg[29]/C is not reached by a timing clock
Related violations: <none>

TIMING-17#35 Critical Warning
Non-clocked sequential cell  
The clock pin U_Timer/U_Timer/tcnr_reg[2]/C is not reached by a timing clock
Related violations: <none>

TIMING-17#36 Critical Warning
Non-clocked sequential cell  
The clock pin U_Timer/U_Timer/tcnr_reg[30]/C is not reached by a timing clock
Related violations: <none>

TIMING-17#37 Critical Warning
Non-clocked sequential cell  
The clock pin U_Timer/U_Timer/tcnr_reg[31]/C is not reached by a timing clock
Related violations: <none>

TIMING-17#38 Critical Warning
Non-clocked sequential cell  
The clock pin U_Timer/U_Timer/tcnr_reg[3]/C is not reached by a timing clock
Related violations: <none>

TIMING-17#39 Critical Warning
Non-clocked sequential cell  
The clock pin U_Timer/U_Timer/tcnr_reg[4]/C is not reached by a timing clock
Related violations: <none>

TIMING-17#40 Critical Warning
Non-clocked sequential cell  
The clock pin U_Timer/U_Timer/tcnr_reg[5]/C is not reached by a timing clock
Related violations: <none>

TIMING-17#41 Critical Warning
Non-clocked sequential cell  
The clock pin U_Timer/U_Timer/tcnr_reg[6]/C is not reached by a timing clock
Related violations: <none>

TIMING-17#42 Critical Warning
Non-clocked sequential cell  
The clock pin U_Timer/U_Timer/tcnr_reg[7]/C is not reached by a timing clock
Related violations: <none>

TIMING-17#43 Critical Warning
Non-clocked sequential cell  
The clock pin U_Timer/U_Timer/tcnr_reg[8]/C is not reached by a timing clock
Related violations: <none>

TIMING-17#44 Critical Warning
Non-clocked sequential cell  
The clock pin U_Timer/U_Timer/tcnr_reg[9]/C is not reached by a timing clock
Related violations: <none>

TIMING-17#45 Critical Warning
Non-clocked sequential cell  
The clock pin U_Timer2/U_Timer/tcnr_reg[0]/C is not reached by a timing clock
Related violations: <none>

TIMING-17#46 Critical Warning
Non-clocked sequential cell  
The clock pin U_Timer2/U_Timer/tcnr_reg[10]/C is not reached by a timing clock
Related violations: <none>

TIMING-17#47 Critical Warning
Non-clocked sequential cell  
The clock pin U_Timer2/U_Timer/tcnr_reg[11]/C is not reached by a timing clock
Related violations: <none>

TIMING-17#48 Critical Warning
Non-clocked sequential cell  
The clock pin U_Timer2/U_Timer/tcnr_reg[12]/C is not reached by a timing clock
Related violations: <none>

TIMING-17#49 Critical Warning
Non-clocked sequential cell  
The clock pin U_Timer2/U_Timer/tcnr_reg[13]/C is not reached by a timing clock
Related violations: <none>

TIMING-17#50 Critical Warning
Non-clocked sequential cell  
The clock pin U_Timer2/U_Timer/tcnr_reg[14]/C is not reached by a timing clock
Related violations: <none>

TIMING-17#51 Critical Warning
Non-clocked sequential cell  
The clock pin U_Timer2/U_Timer/tcnr_reg[15]/C is not reached by a timing clock
Related violations: <none>

TIMING-17#52 Critical Warning
Non-clocked sequential cell  
The clock pin U_Timer2/U_Timer/tcnr_reg[16]/C is not reached by a timing clock
Related violations: <none>

TIMING-17#53 Critical Warning
Non-clocked sequential cell  
The clock pin U_Timer2/U_Timer/tcnr_reg[17]/C is not reached by a timing clock
Related violations: <none>

TIMING-17#54 Critical Warning
Non-clocked sequential cell  
The clock pin U_Timer2/U_Timer/tcnr_reg[18]/C is not reached by a timing clock
Related violations: <none>

TIMING-17#55 Critical Warning
Non-clocked sequential cell  
The clock pin U_Timer2/U_Timer/tcnr_reg[19]/C is not reached by a timing clock
Related violations: <none>

TIMING-17#56 Critical Warning
Non-clocked sequential cell  
The clock pin U_Timer2/U_Timer/tcnr_reg[1]/C is not reached by a timing clock
Related violations: <none>

TIMING-17#57 Critical Warning
Non-clocked sequential cell  
The clock pin U_Timer2/U_Timer/tcnr_reg[20]/C is not reached by a timing clock
Related violations: <none>

TIMING-17#58 Critical Warning
Non-clocked sequential cell  
The clock pin U_Timer2/U_Timer/tcnr_reg[21]/C is not reached by a timing clock
Related violations: <none>

TIMING-17#59 Critical Warning
Non-clocked sequential cell  
The clock pin U_Timer2/U_Timer/tcnr_reg[22]/C is not reached by a timing clock
Related violations: <none>

TIMING-17#60 Critical Warning
Non-clocked sequential cell  
The clock pin U_Timer2/U_Timer/tcnr_reg[23]/C is not reached by a timing clock
Related violations: <none>

TIMING-17#61 Critical Warning
Non-clocked sequential cell  
The clock pin U_Timer2/U_Timer/tcnr_reg[24]/C is not reached by a timing clock
Related violations: <none>

TIMING-17#62 Critical Warning
Non-clocked sequential cell  
The clock pin U_Timer2/U_Timer/tcnr_reg[25]/C is not reached by a timing clock
Related violations: <none>

TIMING-17#63 Critical Warning
Non-clocked sequential cell  
The clock pin U_Timer2/U_Timer/tcnr_reg[26]/C is not reached by a timing clock
Related violations: <none>

TIMING-17#64 Critical Warning
Non-clocked sequential cell  
The clock pin U_Timer2/U_Timer/tcnr_reg[27]/C is not reached by a timing clock
Related violations: <none>

TIMING-17#65 Critical Warning
Non-clocked sequential cell  
The clock pin U_Timer2/U_Timer/tcnr_reg[28]/C is not reached by a timing clock
Related violations: <none>

TIMING-17#66 Critical Warning
Non-clocked sequential cell  
The clock pin U_Timer2/U_Timer/tcnr_reg[29]/C is not reached by a timing clock
Related violations: <none>

TIMING-17#67 Critical Warning
Non-clocked sequential cell  
The clock pin U_Timer2/U_Timer/tcnr_reg[2]/C is not reached by a timing clock
Related violations: <none>

TIMING-17#68 Critical Warning
Non-clocked sequential cell  
The clock pin U_Timer2/U_Timer/tcnr_reg[30]/C is not reached by a timing clock
Related violations: <none>

TIMING-17#69 Critical Warning
Non-clocked sequential cell  
The clock pin U_Timer2/U_Timer/tcnr_reg[31]/C is not reached by a timing clock
Related violations: <none>

TIMING-17#70 Critical Warning
Non-clocked sequential cell  
The clock pin U_Timer2/U_Timer/tcnr_reg[3]/C is not reached by a timing clock
Related violations: <none>

TIMING-17#71 Critical Warning
Non-clocked sequential cell  
The clock pin U_Timer2/U_Timer/tcnr_reg[4]/C is not reached by a timing clock
Related violations: <none>

TIMING-17#72 Critical Warning
Non-clocked sequential cell  
The clock pin U_Timer2/U_Timer/tcnr_reg[5]/C is not reached by a timing clock
Related violations: <none>

TIMING-17#73 Critical Warning
Non-clocked sequential cell  
The clock pin U_Timer2/U_Timer/tcnr_reg[6]/C is not reached by a timing clock
Related violations: <none>

TIMING-17#74 Critical Warning
Non-clocked sequential cell  
The clock pin U_Timer2/U_Timer/tcnr_reg[7]/C is not reached by a timing clock
Related violations: <none>

TIMING-17#75 Critical Warning
Non-clocked sequential cell  
The clock pin U_Timer2/U_Timer/tcnr_reg[8]/C is not reached by a timing clock
Related violations: <none>

TIMING-17#76 Critical Warning
Non-clocked sequential cell  
The clock pin U_Timer2/U_Timer/tcnr_reg[9]/C is not reached by a timing clock
Related violations: <none>

TIMING-17#77 Critical Warning
Non-clocked sequential cell  
The clock pin U_blink_Periph/U_blink_led_IP/counter_reg[0]/C is not reached by a timing clock
Related violations: <none>

TIMING-17#78 Critical Warning
Non-clocked sequential cell  
The clock pin U_blink_Periph/U_blink_led_IP/counter_reg[10]/C is not reached by a timing clock
Related violations: <none>

TIMING-17#79 Critical Warning
Non-clocked sequential cell  
The clock pin U_blink_Periph/U_blink_led_IP/counter_reg[11]/C is not reached by a timing clock
Related violations: <none>

TIMING-17#80 Critical Warning
Non-clocked sequential cell  
The clock pin U_blink_Periph/U_blink_led_IP/counter_reg[12]/C is not reached by a timing clock
Related violations: <none>

TIMING-17#81 Critical Warning
Non-clocked sequential cell  
The clock pin U_blink_Periph/U_blink_led_IP/counter_reg[13]/C is not reached by a timing clock
Related violations: <none>

TIMING-17#82 Critical Warning
Non-clocked sequential cell  
The clock pin U_blink_Periph/U_blink_led_IP/counter_reg[14]/C is not reached by a timing clock
Related violations: <none>

TIMING-17#83 Critical Warning
Non-clocked sequential cell  
The clock pin U_blink_Periph/U_blink_led_IP/counter_reg[15]/C is not reached by a timing clock
Related violations: <none>

TIMING-17#84 Critical Warning
Non-clocked sequential cell  
The clock pin U_blink_Periph/U_blink_led_IP/counter_reg[1]/C is not reached by a timing clock
Related violations: <none>

TIMING-17#85 Critical Warning
Non-clocked sequential cell  
The clock pin U_blink_Periph/U_blink_led_IP/counter_reg[2]/C is not reached by a timing clock
Related violations: <none>

TIMING-17#86 Critical Warning
Non-clocked sequential cell  
The clock pin U_blink_Periph/U_blink_led_IP/counter_reg[3]/C is not reached by a timing clock
Related violations: <none>

TIMING-17#87 Critical Warning
Non-clocked sequential cell  
The clock pin U_blink_Periph/U_blink_led_IP/counter_reg[4]/C is not reached by a timing clock
Related violations: <none>

TIMING-17#88 Critical Warning
Non-clocked sequential cell  
The clock pin U_blink_Periph/U_blink_led_IP/counter_reg[5]/C is not reached by a timing clock
Related violations: <none>

TIMING-17#89 Critical Warning
Non-clocked sequential cell  
The clock pin U_blink_Periph/U_blink_led_IP/counter_reg[6]/C is not reached by a timing clock
Related violations: <none>

TIMING-17#90 Critical Warning
Non-clocked sequential cell  
The clock pin U_blink_Periph/U_blink_led_IP/counter_reg[7]/C is not reached by a timing clock
Related violations: <none>

TIMING-17#91 Critical Warning
Non-clocked sequential cell  
The clock pin U_blink_Periph/U_blink_led_IP/counter_reg[8]/C is not reached by a timing clock
Related violations: <none>

TIMING-17#92 Critical Warning
Non-clocked sequential cell  
The clock pin U_blink_Periph/U_blink_led_IP/counter_reg[9]/C is not reached by a timing clock
Related violations: <none>

TIMING-17#93 Critical Warning
Non-clocked sequential cell  
The clock pin U_blink_Periph/U_blink_led_IP/led_reg/C is not reached by a timing clock
Related violations: <none>

TIMING-17#94 Critical Warning
Non-clocked sequential cell  
The clock pin U_blink_Periph/U_blink_led_IP/state_reg[0]/C is not reached by a timing clock
Related violations: <none>

TIMING-17#95 Critical Warning
Non-clocked sequential cell  
The clock pin U_buzzer_Periph/U_blink_led_IP/counter_reg[0]/C is not reached by a timing clock
Related violations: <none>

TIMING-17#96 Critical Warning
Non-clocked sequential cell  
The clock pin U_buzzer_Periph/U_blink_led_IP/counter_reg[10]/C is not reached by a timing clock
Related violations: <none>

TIMING-17#97 Critical Warning
Non-clocked sequential cell  
The clock pin U_buzzer_Periph/U_blink_led_IP/counter_reg[11]/C is not reached by a timing clock
Related violations: <none>

TIMING-17#98 Critical Warning
Non-clocked sequential cell  
The clock pin U_buzzer_Periph/U_blink_led_IP/counter_reg[12]/C is not reached by a timing clock
Related violations: <none>

TIMING-17#99 Critical Warning
Non-clocked sequential cell  
The clock pin U_buzzer_Periph/U_blink_led_IP/counter_reg[13]/C is not reached by a timing clock
Related violations: <none>

TIMING-17#100 Critical Warning
Non-clocked sequential cell  
The clock pin U_buzzer_Periph/U_blink_led_IP/counter_reg[14]/C is not reached by a timing clock
Related violations: <none>

TIMING-17#101 Critical Warning
Non-clocked sequential cell  
The clock pin U_buzzer_Periph/U_blink_led_IP/counter_reg[15]/C is not reached by a timing clock
Related violations: <none>

TIMING-17#102 Critical Warning
Non-clocked sequential cell  
The clock pin U_buzzer_Periph/U_blink_led_IP/counter_reg[1]/C is not reached by a timing clock
Related violations: <none>

TIMING-17#103 Critical Warning
Non-clocked sequential cell  
The clock pin U_buzzer_Periph/U_blink_led_IP/counter_reg[2]/C is not reached by a timing clock
Related violations: <none>

TIMING-17#104 Critical Warning
Non-clocked sequential cell  
The clock pin U_buzzer_Periph/U_blink_led_IP/counter_reg[3]/C is not reached by a timing clock
Related violations: <none>

TIMING-17#105 Critical Warning
Non-clocked sequential cell  
The clock pin U_buzzer_Periph/U_blink_led_IP/counter_reg[4]/C is not reached by a timing clock
Related violations: <none>

TIMING-17#106 Critical Warning
Non-clocked sequential cell  
The clock pin U_buzzer_Periph/U_blink_led_IP/counter_reg[5]/C is not reached by a timing clock
Related violations: <none>

TIMING-17#107 Critical Warning
Non-clocked sequential cell  
The clock pin U_buzzer_Periph/U_blink_led_IP/counter_reg[6]/C is not reached by a timing clock
Related violations: <none>

TIMING-17#108 Critical Warning
Non-clocked sequential cell  
The clock pin U_buzzer_Periph/U_blink_led_IP/counter_reg[7]/C is not reached by a timing clock
Related violations: <none>

TIMING-17#109 Critical Warning
Non-clocked sequential cell  
The clock pin U_buzzer_Periph/U_blink_led_IP/counter_reg[8]/C is not reached by a timing clock
Related violations: <none>

TIMING-17#110 Critical Warning
Non-clocked sequential cell  
The clock pin U_buzzer_Periph/U_blink_led_IP/counter_reg[9]/C is not reached by a timing clock
Related violations: <none>

TIMING-17#111 Critical Warning
Non-clocked sequential cell  
The clock pin U_buzzer_Periph/U_blink_led_IP/led_reg/C is not reached by a timing clock
Related violations: <none>

TIMING-17#112 Critical Warning
Non-clocked sequential cell  
The clock pin U_buzzer_Periph/U_blink_led_IP/state_reg[0]/C is not reached by a timing clock
Related violations: <none>

TIMING-16#1 Warning
Large setup violation  
There is a large setup violation of -1.004 ns between U_Core/U_DataPath/U_PC/q_reg[6]/C (clocked by sys_clk_pin) and U_Core/U_DataPath/U_ExeReg_PCSrcMux/q_reg[8]/D (clocked by sys_clk_pin). Large setup violations at the end of those stages might be difficult to fix during the post-placement implementation flow and could be the result of non-optimal XDC constraints or non-optimal design architecture
Related violations: <none>

TIMING-16#2 Warning
Large setup violation  
There is a large setup violation of -1.015 ns between U_Core/U_DataPath/U_PC/q_reg[6]/C (clocked by sys_clk_pin) and U_Core/U_DataPath/U_ExeReg_PCSrcMux/q_reg[12]/D (clocked by sys_clk_pin). Large setup violations at the end of those stages might be difficult to fix during the post-placement implementation flow and could be the result of non-optimal XDC constraints or non-optimal design architecture
Related violations: <none>

TIMING-16#3 Warning
Large setup violation  
There is a large setup violation of -1.022 ns between U_Core/U_DataPath/U_PC/q_reg[3]/C (clocked by sys_clk_pin) and U_Core/U_DataPath/U_DecReg_RFRD2/q_reg[30]/D (clocked by sys_clk_pin). Large setup violations at the end of those stages might be difficult to fix during the post-placement implementation flow and could be the result of non-optimal XDC constraints or non-optimal design architecture
Related violations: <none>

TIMING-16#4 Warning
Large setup violation  
There is a large setup violation of -1.044 ns between U_Core/U_DataPath/U_PC/q_reg[6]/C (clocked by sys_clk_pin) and U_Core/U_DataPath/U_ExeReg_PCSrcMux/q_reg[13]/D (clocked by sys_clk_pin). Large setup violations at the end of those stages might be difficult to fix during the post-placement implementation flow and could be the result of non-optimal XDC constraints or non-optimal design architecture
Related violations: <none>

TIMING-16#5 Warning
Large setup violation  
There is a large setup violation of -1.064 ns between U_Core/U_DataPath/U_PC/q_reg[7]/C (clocked by sys_clk_pin) and U_Core/U_DataPath/U_ExeReg_ALU/q_reg[22]/D (clocked by sys_clk_pin). Large setup violations at the end of those stages might be difficult to fix during the post-placement implementation flow and could be the result of non-optimal XDC constraints or non-optimal design architecture
Related violations: <none>

TIMING-16#6 Warning
Large setup violation  
There is a large setup violation of -1.068 ns between U_Core/U_DataPath/U_PC/q_reg[7]/C (clocked by sys_clk_pin) and U_Core/U_DataPath/U_ExeReg_ALU/q_reg[14]/D (clocked by sys_clk_pin). Large setup violations at the end of those stages might be difficult to fix during the post-placement implementation flow and could be the result of non-optimal XDC constraints or non-optimal design architecture
Related violations: <none>

TIMING-16#7 Warning
Large setup violation  
There is a large setup violation of -1.082 ns between U_Ultrasonic_Periph/U_Ultrasonic/dist_reg_reg[10]/C (clocked by sys_clk_pin) and U_Ultrasonic_Periph/U_Ultrasonic/centi_reg_reg[3]/D (clocked by sys_clk_pin). Large setup violations at the end of those stages might be difficult to fix during the post-placement implementation flow and could be the result of non-optimal XDC constraints or non-optimal design architecture
Related violations: <none>

TIMING-16#8 Warning
Large setup violation  
There is a large setup violation of -1.110 ns between U_Ultrasonic_Periph/U_Ultrasonic/dist_reg_reg[10]/C (clocked by sys_clk_pin) and U_Ultrasonic_Periph/U_Ultrasonic/centi_reg_reg[8]/D (clocked by sys_clk_pin). Large setup violations at the end of those stages might be difficult to fix during the post-placement implementation flow and could be the result of non-optimal XDC constraints or non-optimal design architecture
Related violations: <none>

TIMING-16#9 Warning
Large setup violation  
There is a large setup violation of -1.111 ns between U_Ultrasonic_Periph/U_Ultrasonic/dist_reg_reg[10]/C (clocked by sys_clk_pin) and U_Ultrasonic_Periph/U_Ultrasonic/centi_reg_reg[7]/D (clocked by sys_clk_pin). Large setup violations at the end of those stages might be difficult to fix during the post-placement implementation flow and could be the result of non-optimal XDC constraints or non-optimal design architecture
Related violations: <none>

TIMING-16#10 Warning
Large setup violation  
There is a large setup violation of -1.121 ns between U_Core/U_DataPath/U_PC/q_reg[6]/C (clocked by sys_clk_pin) and U_Core/U_DataPath/U_ExeReg_PCSrcMux/q_reg[22]/D (clocked by sys_clk_pin). Large setup violations at the end of those stages might be difficult to fix during the post-placement implementation flow and could be the result of non-optimal XDC constraints or non-optimal design architecture
Related violations: <none>

TIMING-16#11 Warning
Large setup violation  
There is a large setup violation of -1.136 ns between U_Core/U_DataPath/U_PC/q_reg[6]/C (clocked by sys_clk_pin) and U_Core/U_DataPath/U_ExeReg_PCSrcMux/q_reg[18]/D (clocked by sys_clk_pin). Large setup violations at the end of those stages might be difficult to fix during the post-placement implementation flow and could be the result of non-optimal XDC constraints or non-optimal design architecture
Related violations: <none>

TIMING-16#12 Warning
Large setup violation  
There is a large setup violation of -1.139 ns between U_Core/U_DataPath/U_PC/q_reg[6]/C (clocked by sys_clk_pin) and U_Core/U_DataPath/U_ExeReg_PCSrcMux/q_reg[11]/D (clocked by sys_clk_pin). Large setup violations at the end of those stages might be difficult to fix during the post-placement implementation flow and could be the result of non-optimal XDC constraints or non-optimal design architecture
Related violations: <none>

TIMING-16#13 Warning
Large setup violation  
There is a large setup violation of -1.139 ns between U_Core/U_DataPath/U_PC/q_reg[6]/C (clocked by sys_clk_pin) and U_Core/U_DataPath/U_ExeReg_PCSrcMux/q_reg[14]/D (clocked by sys_clk_pin). Large setup violations at the end of those stages might be difficult to fix during the post-placement implementation flow and could be the result of non-optimal XDC constraints or non-optimal design architecture
Related violations: <none>

TIMING-16#14 Warning
Large setup violation  
There is a large setup violation of -1.153 ns between U_Core/U_DataPath/U_PC/q_reg[7]/C (clocked by sys_clk_pin) and U_Core/U_DataPath/U_ExeReg_ALU/q_reg[17]/D (clocked by sys_clk_pin). Large setup violations at the end of those stages might be difficult to fix during the post-placement implementation flow and could be the result of non-optimal XDC constraints or non-optimal design architecture
Related violations: <none>

TIMING-16#15 Warning
Large setup violation  
There is a large setup violation of -1.155 ns between U_Core/U_DataPath/U_PC/q_reg[7]/C (clocked by sys_clk_pin) and U_Core/U_DataPath/U_ExeReg_ALU/q_reg[27]/D (clocked by sys_clk_pin). Large setup violations at the end of those stages might be difficult to fix during the post-placement implementation flow and could be the result of non-optimal XDC constraints or non-optimal design architecture
Related violations: <none>

TIMING-16#16 Warning
Large setup violation  
There is a large setup violation of -1.187 ns between U_Core/U_DataPath/U_PC/q_reg[6]/C (clocked by sys_clk_pin) and U_Core/U_DataPath/U_ExeReg_PCSrcMux/q_reg[5]/D (clocked by sys_clk_pin). Large setup violations at the end of those stages might be difficult to fix during the post-placement implementation flow and could be the result of non-optimal XDC constraints or non-optimal design architecture
Related violations: <none>

TIMING-16#17 Warning
Large setup violation  
There is a large setup violation of -1.217 ns between U_Core/U_DataPath/U_PC/q_reg[7]/C (clocked by sys_clk_pin) and U_Core/U_DataPath/U_ExeReg_ALU/q_reg[15]/D (clocked by sys_clk_pin). Large setup violations at the end of those stages might be difficult to fix during the post-placement implementation flow and could be the result of non-optimal XDC constraints or non-optimal design architecture
Related violations: <none>

TIMING-16#18 Warning
Large setup violation  
There is a large setup violation of -1.236 ns between U_Ultrasonic_Periph/U_Ultrasonic/dist_reg_reg[10]/C (clocked by sys_clk_pin) and U_Ultrasonic_Periph/U_Ultrasonic/centi_reg_reg[5]/D (clocked by sys_clk_pin). Large setup violations at the end of those stages might be difficult to fix during the post-placement implementation flow and could be the result of non-optimal XDC constraints or non-optimal design architecture
Related violations: <none>

TIMING-16#19 Warning
Large setup violation  
There is a large setup violation of -1.238 ns between U_Core/U_DataPath/U_PC/q_reg[2]/C (clocked by sys_clk_pin) and U_Core/U_DataPath/U_DecReg_RFRD2/q_reg[23]/D (clocked by sys_clk_pin). Large setup violations at the end of those stages might be difficult to fix during the post-placement implementation flow and could be the result of non-optimal XDC constraints or non-optimal design architecture
Related violations: <none>

TIMING-16#20 Warning
Large setup violation  
There is a large setup violation of -1.258 ns between U_Core/U_DataPath/U_PC/q_reg[6]/C (clocked by sys_clk_pin) and U_Core/U_DataPath/U_ExeReg_PCSrcMux/q_reg[15]/D (clocked by sys_clk_pin). Large setup violations at the end of those stages might be difficult to fix during the post-placement implementation flow and could be the result of non-optimal XDC constraints or non-optimal design architecture
Related violations: <none>

TIMING-16#21 Warning
Large setup violation  
There is a large setup violation of -1.287 ns between U_Core/U_DataPath/U_PC/q_reg[6]/C (clocked by sys_clk_pin) and U_Core/U_DataPath/U_ExeReg_PCSrcMux/q_reg[19]/D (clocked by sys_clk_pin). Large setup violations at the end of those stages might be difficult to fix during the post-placement implementation flow and could be the result of non-optimal XDC constraints or non-optimal design architecture
Related violations: <none>

TIMING-16#22 Warning
Large setup violation  
There is a large setup violation of -1.339 ns between U_Core/U_DataPath/U_PC/q_reg[2]/C (clocked by sys_clk_pin) and U_Core/U_DataPath/U_DecReg_RFRD2/q_reg[25]/D (clocked by sys_clk_pin). Large setup violations at the end of those stages might be difficult to fix during the post-placement implementation flow and could be the result of non-optimal XDC constraints or non-optimal design architecture
Related violations: <none>

TIMING-16#23 Warning
Large setup violation  
There is a large setup violation of -1.359 ns between U_Core/U_DataPath/U_PC/q_reg[3]/C (clocked by sys_clk_pin) and U_Core/U_DataPath/U_DecReg_RFRD2/q_reg[28]/D (clocked by sys_clk_pin). Large setup violations at the end of those stages might be difficult to fix during the post-placement implementation flow and could be the result of non-optimal XDC constraints or non-optimal design architecture
Related violations: <none>

TIMING-16#24 Warning
Large setup violation  
There is a large setup violation of -1.363 ns between U_Core/U_DataPath/U_PC/q_reg[6]/C (clocked by sys_clk_pin) and U_Core/U_DataPath/U_ExeReg_PCSrcMux/q_reg[21]/D (clocked by sys_clk_pin). Large setup violations at the end of those stages might be difficult to fix during the post-placement implementation flow and could be the result of non-optimal XDC constraints or non-optimal design architecture
Related violations: <none>

TIMING-16#25 Warning
Large setup violation  
There is a large setup violation of -1.366 ns between U_Core/U_DataPath/U_PC/q_reg[2]/C (clocked by sys_clk_pin) and U_Core/U_DataPath/U_DecReg_RFRD2/q_reg[24]/D (clocked by sys_clk_pin). Large setup violations at the end of those stages might be difficult to fix during the post-placement implementation flow and could be the result of non-optimal XDC constraints or non-optimal design architecture
Related violations: <none>

TIMING-16#26 Warning
Large setup violation  
There is a large setup violation of -1.398 ns between U_Core/U_DataPath/U_PC/q_reg[6]/C (clocked by sys_clk_pin) and U_Core/U_DataPath/U_ExeReg_PCSrcMux/q_reg[28]/D (clocked by sys_clk_pin). Large setup violations at the end of those stages might be difficult to fix during the post-placement implementation flow and could be the result of non-optimal XDC constraints or non-optimal design architecture
Related violations: <none>

TIMING-16#27 Warning
Large setup violation  
There is a large setup violation of -1.401 ns between U_Core/U_DataPath/U_PC/q_reg[6]/C (clocked by sys_clk_pin) and U_Core/U_DataPath/U_ExeReg_PCSrcMux/q_reg[20]/D (clocked by sys_clk_pin). Large setup violations at the end of those stages might be difficult to fix during the post-placement implementation flow and could be the result of non-optimal XDC constraints or non-optimal design architecture
Related violations: <none>

TIMING-16#28 Warning
Large setup violation  
There is a large setup violation of -1.411 ns between U_Core/U_DataPath/U_PC/q_reg[3]/C (clocked by sys_clk_pin) and U_Core/U_DataPath/U_DecReg_RFRD2/q_reg[19]/D (clocked by sys_clk_pin). Large setup violations at the end of those stages might be difficult to fix during the post-placement implementation flow and could be the result of non-optimal XDC constraints or non-optimal design architecture
Related violations: <none>

TIMING-16#29 Warning
Large setup violation  
There is a large setup violation of -1.420 ns between U_Core/U_DataPath/U_PC/q_reg[3]/C (clocked by sys_clk_pin) and U_Core/U_DataPath/U_DecReg_RFRD2/q_reg[21]/D (clocked by sys_clk_pin). Large setup violations at the end of those stages might be difficult to fix during the post-placement implementation flow and could be the result of non-optimal XDC constraints or non-optimal design architecture
Related violations: <none>

TIMING-16#30 Warning
Large setup violation  
There is a large setup violation of -1.428 ns between U_Core/U_DataPath/U_PC/q_reg[6]/C (clocked by sys_clk_pin) and U_Core/U_DataPath/U_ExeReg_PCSrcMux/q_reg[24]/D (clocked by sys_clk_pin). Large setup violations at the end of those stages might be difficult to fix during the post-placement implementation flow and could be the result of non-optimal XDC constraints or non-optimal design architecture
Related violations: <none>

TIMING-16#31 Warning
Large setup violation  
There is a large setup violation of -1.436 ns between U_Core/U_DataPath/U_PC/q_reg[6]/C (clocked by sys_clk_pin) and U_DataPath/U_RegFile/RegFile_reg_r1_0_31_0_5/RAMA/I (clocked by sys_clk_pin). Large setup violations at the end of those stages might be difficult to fix during the post-placement implementation flow and could be the result of non-optimal XDC constraints or non-optimal design architecture
Related violations: <none>

TIMING-16#32 Warning
Large setup violation  
There is a large setup violation of -1.478 ns between U_Ultrasonic_Periph/U_Ultrasonic/dist_reg_reg[10]/C (clocked by sys_clk_pin) and U_Ultrasonic_Periph/U_Ultrasonic/centi_reg_reg[4]/D (clocked by sys_clk_pin). Large setup violations at the end of those stages might be difficult to fix during the post-placement implementation flow and could be the result of non-optimal XDC constraints or non-optimal design architecture
Related violations: <none>

TIMING-16#33 Warning
Large setup violation  
There is a large setup violation of -1.487 ns between U_Core/U_DataPath/U_PC/q_reg[6]/C (clocked by sys_clk_pin) and U_Core/U_DataPath/U_ExeReg_PCSrcMux/q_reg[23]/D (clocked by sys_clk_pin). Large setup violations at the end of those stages might be difficult to fix during the post-placement implementation flow and could be the result of non-optimal XDC constraints or non-optimal design architecture
Related violations: <none>

TIMING-16#34 Warning
Large setup violation  
There is a large setup violation of -1.518 ns between U_Core/U_DataPath/U_PC/q_reg[6]/C (clocked by sys_clk_pin) and U_Core/U_DataPath/U_ExeReg_PCSrcMux/q_reg[29]/D (clocked by sys_clk_pin). Large setup violations at the end of those stages might be difficult to fix during the post-placement implementation flow and could be the result of non-optimal XDC constraints or non-optimal design architecture
Related violations: <none>

TIMING-16#35 Warning
Large setup violation  
There is a large setup violation of -1.520 ns between U_Core/U_DataPath/U_PC/q_reg[6]/C (clocked by sys_clk_pin) and U_Core/U_DataPath/U_ExeReg_PCSrcMux/q_reg[16]/D (clocked by sys_clk_pin). Large setup violations at the end of those stages might be difficult to fix during the post-placement implementation flow and could be the result of non-optimal XDC constraints or non-optimal design architecture
Related violations: <none>

TIMING-16#36 Warning
Large setup violation  
There is a large setup violation of -1.532 ns between U_Core/U_DataPath/U_PC/q_reg[6]/C (clocked by sys_clk_pin) and U_Core/U_DataPath/U_ExeReg_PCSrcMux/q_reg[27]/D (clocked by sys_clk_pin). Large setup violations at the end of those stages might be difficult to fix during the post-placement implementation flow and could be the result of non-optimal XDC constraints or non-optimal design architecture
Related violations: <none>

TIMING-16#37 Warning
Large setup violation  
There is a large setup violation of -1.549 ns between U_Core/U_DataPath/U_PC/q_reg[6]/C (clocked by sys_clk_pin) and U_Core/U_DataPath/U_ExeReg_PCSrcMux/q_reg[17]/D (clocked by sys_clk_pin). Large setup violations at the end of those stages might be difficult to fix during the post-placement implementation flow and could be the result of non-optimal XDC constraints or non-optimal design architecture
Related violations: <none>

TIMING-16#38 Warning
Large setup violation  
There is a large setup violation of -1.560 ns between U_Core/U_DataPath/U_PC/q_reg[6]/C (clocked by sys_clk_pin) and U_DataPath/U_RegFile/RegFile_reg_r2_0_31_0_5/RAMC/I (clocked by sys_clk_pin). Large setup violations at the end of those stages might be difficult to fix during the post-placement implementation flow and could be the result of non-optimal XDC constraints or non-optimal design architecture
Related violations: <none>

TIMING-16#39 Warning
Large setup violation  
There is a large setup violation of -1.582 ns between U_Core/U_DataPath/U_PC/q_reg[6]/C (clocked by sys_clk_pin) and U_DataPath/U_RegFile/RegFile_reg_r1_0_31_0_5/RAMA_D1/I (clocked by sys_clk_pin). Large setup violations at the end of those stages might be difficult to fix during the post-placement implementation flow and could be the result of non-optimal XDC constraints or non-optimal design architecture
Related violations: <none>

TIMING-16#40 Warning
Large setup violation  
There is a large setup violation of -1.598 ns between U_Core/U_DataPath/U_PC/q_reg[2]/C (clocked by sys_clk_pin) and U_Core/U_DataPath/U_DecReg_RFRD2/q_reg[22]/D (clocked by sys_clk_pin). Large setup violations at the end of those stages might be difficult to fix during the post-placement implementation flow and could be the result of non-optimal XDC constraints or non-optimal design architecture
Related violations: <none>

TIMING-16#41 Warning
Large setup violation  
There is a large setup violation of -1.631 ns between U_Core/U_DataPath/U_PC/q_reg[6]/C (clocked by sys_clk_pin) and U_Core/U_DataPath/U_ExeReg_PCSrcMux/q_reg[30]/D (clocked by sys_clk_pin). Large setup violations at the end of those stages might be difficult to fix during the post-placement implementation flow and could be the result of non-optimal XDC constraints or non-optimal design architecture
Related violations: <none>

TIMING-16#42 Warning
Large setup violation  
There is a large setup violation of -1.642 ns between U_Core/U_DataPath/U_PC/q_reg[6]/C (clocked by sys_clk_pin) and U_DataPath/U_RegFile/RegFile_reg_r1_0_31_0_5/RAMB/I (clocked by sys_clk_pin). Large setup violations at the end of those stages might be difficult to fix during the post-placement implementation flow and could be the result of non-optimal XDC constraints or non-optimal design architecture
Related violations: <none>

TIMING-16#43 Warning
Large setup violation  
There is a large setup violation of -1.654 ns between U_Core/U_DataPath/U_PC/q_reg[2]/C (clocked by sys_clk_pin) and U_Core/U_DataPath/U_DecReg_RFRD2/q_reg[27]/D (clocked by sys_clk_pin). Large setup violations at the end of those stages might be difficult to fix during the post-placement implementation flow and could be the result of non-optimal XDC constraints or non-optimal design architecture
Related violations: <none>

TIMING-16#44 Warning
Large setup violation  
There is a large setup violation of -1.657 ns between U_Core/U_DataPath/U_PC/q_reg[6]/C (clocked by sys_clk_pin) and U_DataPath/U_RegFile/RegFile_reg_r2_0_31_0_5/RAMB/I (clocked by sys_clk_pin). Large setup violations at the end of those stages might be difficult to fix during the post-placement implementation flow and could be the result of non-optimal XDC constraints or non-optimal design architecture
Related violations: <none>

TIMING-16#45 Warning
Large setup violation  
There is a large setup violation of -1.706 ns between U_Core/U_DataPath/U_PC/q_reg[6]/C (clocked by sys_clk_pin) and U_DataPath/U_RegFile/RegFile_reg_r1_0_31_0_5/RAMC/I (clocked by sys_clk_pin). Large setup violations at the end of those stages might be difficult to fix during the post-placement implementation flow and could be the result of non-optimal XDC constraints or non-optimal design architecture
Related violations: <none>

TIMING-16#46 Warning
Large setup violation  
There is a large setup violation of -1.709 ns between U_Core/U_DataPath/U_PC/q_reg[6]/C (clocked by sys_clk_pin) and U_Core/U_DataPath/U_ExeReg_PCSrcMux/q_reg[26]/D (clocked by sys_clk_pin). Large setup violations at the end of those stages might be difficult to fix during the post-placement implementation flow and could be the result of non-optimal XDC constraints or non-optimal design architecture
Related violations: <none>

TIMING-16#47 Warning
Large setup violation  
There is a large setup violation of -1.723 ns between U_Core/U_DataPath/U_PC/q_reg[6]/C (clocked by sys_clk_pin) and U_DataPath/U_RegFile/RegFile_reg_r2_0_31_0_5/RAMA_D1/I (clocked by sys_clk_pin). Large setup violations at the end of those stages might be difficult to fix during the post-placement implementation flow and could be the result of non-optimal XDC constraints or non-optimal design architecture
Related violations: <none>

TIMING-16#48 Warning
Large setup violation  
There is a large setup violation of -1.733 ns between U_Core/U_DataPath/U_PC/q_reg[2]/C (clocked by sys_clk_pin) and U_Core/U_DataPath/U_DecReg_RFRD2/q_reg[26]/D (clocked by sys_clk_pin). Large setup violations at the end of those stages might be difficult to fix during the post-placement implementation flow and could be the result of non-optimal XDC constraints or non-optimal design architecture
Related violations: <none>

TIMING-16#49 Warning
Large setup violation  
There is a large setup violation of -1.739 ns between U_Core/U_DataPath/U_PC/q_reg[3]/C (clocked by sys_clk_pin) and U_Core/U_DataPath/U_DecReg_RFRD2/q_reg[20]/D (clocked by sys_clk_pin). Large setup violations at the end of those stages might be difficult to fix during the post-placement implementation flow and could be the result of non-optimal XDC constraints or non-optimal design architecture
Related violations: <none>

TIMING-16#50 Warning
Large setup violation  
There is a large setup violation of -1.750 ns between U_Core/U_DataPath/U_PC/q_reg[6]/C (clocked by sys_clk_pin) and U_DataPath/U_RegFile/RegFile_reg_r1_0_31_6_11/RAMA_D1/I (clocked by sys_clk_pin). Large setup violations at the end of those stages might be difficult to fix during the post-placement implementation flow and could be the result of non-optimal XDC constraints or non-optimal design architecture
Related violations: <none>

TIMING-16#51 Warning
Large setup violation  
There is a large setup violation of -1.750 ns between U_Core/U_DataPath/U_PC/q_reg[6]/C (clocked by sys_clk_pin) and U_DataPath/U_RegFile/RegFile_reg_r2_0_31_6_11/RAMA_D1/I (clocked by sys_clk_pin). Large setup violations at the end of those stages might be difficult to fix during the post-placement implementation flow and could be the result of non-optimal XDC constraints or non-optimal design architecture
Related violations: <none>

TIMING-16#52 Warning
Large setup violation  
There is a large setup violation of -1.814 ns between U_Core/U_DataPath/U_PC/q_reg[6]/C (clocked by sys_clk_pin) and U_Core/U_DataPath/U_ExeReg_PCSrcMux/q_reg[25]/D (clocked by sys_clk_pin). Large setup violations at the end of those stages might be difficult to fix during the post-placement implementation flow and could be the result of non-optimal XDC constraints or non-optimal design architecture
Related violations: <none>

TIMING-16#53 Warning
Large setup violation  
There is a large setup violation of -1.815 ns between U_Core/U_DataPath/U_PC/q_reg[3]/C (clocked by sys_clk_pin) and U_Core/U_DataPath/U_DecReg_RFRD2/q_reg[18]/D (clocked by sys_clk_pin). Large setup violations at the end of those stages might be difficult to fix during the post-placement implementation flow and could be the result of non-optimal XDC constraints or non-optimal design architecture
Related violations: <none>

TIMING-16#54 Warning
Large setup violation  
There is a large setup violation of -1.838 ns between U_Core/U_DataPath/U_PC/q_reg[6]/C (clocked by sys_clk_pin) and U_DataPath/U_RegFile/RegFile_reg_r2_0_31_0_5/RAMA/I (clocked by sys_clk_pin). Large setup violations at the end of those stages might be difficult to fix during the post-placement implementation flow and could be the result of non-optimal XDC constraints or non-optimal design architecture
Related violations: <none>

TIMING-16#55 Warning
Large setup violation  
There is a large setup violation of -1.912 ns between U_Core/U_DataPath/U_PC/q_reg[6]/C (clocked by sys_clk_pin) and U_DataPath/U_RegFile/RegFile_reg_r1_0_31_12_17/RAMC/I (clocked by sys_clk_pin). Large setup violations at the end of those stages might be difficult to fix during the post-placement implementation flow and could be the result of non-optimal XDC constraints or non-optimal design architecture
Related violations: <none>

TIMING-16#56 Warning
Large setup violation  
There is a large setup violation of -1.957 ns between U_Core/U_DataPath/U_PC/q_reg[6]/C (clocked by sys_clk_pin) and U_DataPath/U_RegFile/RegFile_reg_r1_0_31_6_11/RAMA/I (clocked by sys_clk_pin). Large setup violations at the end of those stages might be difficult to fix during the post-placement implementation flow and could be the result of non-optimal XDC constraints or non-optimal design architecture
Related violations: <none>

TIMING-16#57 Warning
Large setup violation  
There is a large setup violation of -1.970 ns between U_Core/U_DataPath/U_PC/q_reg[6]/C (clocked by sys_clk_pin) and U_DataPath/U_RegFile/RegFile_reg_r2_0_31_6_11/RAMA/I (clocked by sys_clk_pin). Large setup violations at the end of those stages might be difficult to fix during the post-placement implementation flow and could be the result of non-optimal XDC constraints or non-optimal design architecture
Related violations: <none>

TIMING-16#58 Warning
Large setup violation  
There is a large setup violation of -13.765 ns between U_Ultrasonic_Periph/U_Ultrasonic/udr_filter/buffer_reg[0][5]/C (clocked by sys_clk_pin) and U_Ultrasonic_Periph/U_Ultrasonic/udr_filter/data_out_reg[4]/D (clocked by sys_clk_pin). Large setup violations at the end of those stages might be difficult to fix during the post-placement implementation flow and could be the result of non-optimal XDC constraints or non-optimal design architecture
Related violations: <none>

TIMING-16#59 Warning
Large setup violation  
There is a large setup violation of -13.853 ns between U_Ultrasonic_Periph/U_Ultrasonic/udr_filter/buffer_reg[0][5]/C (clocked by sys_clk_pin) and U_Ultrasonic_Periph/U_Ultrasonic/udr_filter/data_out_reg[3]/D (clocked by sys_clk_pin). Large setup violations at the end of those stages might be difficult to fix during the post-placement implementation flow and could be the result of non-optimal XDC constraints or non-optimal design architecture
Related violations: <none>

TIMING-16#60 Warning
Large setup violation  
There is a large setup violation of -13.866 ns between U_Ultrasonic_Periph/U_Ultrasonic/udr_filter/buffer_reg[0][5]/C (clocked by sys_clk_pin) and U_Ultrasonic_Periph/U_Ultrasonic/udr_filter/data_out_reg[8]/D (clocked by sys_clk_pin). Large setup violations at the end of those stages might be difficult to fix during the post-placement implementation flow and could be the result of non-optimal XDC constraints or non-optimal design architecture
Related violations: <none>

TIMING-16#61 Warning
Large setup violation  
There is a large setup violation of -13.892 ns between U_Ultrasonic_Periph/U_Ultrasonic/udr_filter/buffer_reg[0][5]/C (clocked by sys_clk_pin) and U_Ultrasonic_Periph/U_Ultrasonic/udr_filter/data_out_reg[1]/D (clocked by sys_clk_pin). Large setup violations at the end of those stages might be difficult to fix during the post-placement implementation flow and could be the result of non-optimal XDC constraints or non-optimal design architecture
Related violations: <none>

TIMING-16#62 Warning
Large setup violation  
There is a large setup violation of -13.892 ns between U_Ultrasonic_Periph/U_Ultrasonic/udr_filter/buffer_reg[0][5]/C (clocked by sys_clk_pin) and U_Ultrasonic_Periph/U_Ultrasonic/udr_filter/data_out_reg[5]/D (clocked by sys_clk_pin). Large setup violations at the end of those stages might be difficult to fix during the post-placement implementation flow and could be the result of non-optimal XDC constraints or non-optimal design architecture
Related violations: <none>

TIMING-16#63 Warning
Large setup violation  
There is a large setup violation of -13.894 ns between U_Ultrasonic_Periph/U_Ultrasonic/udr_filter/buffer_reg[0][5]/C (clocked by sys_clk_pin) and U_Ultrasonic_Periph/U_Ultrasonic/udr_filter/data_out_reg[7]/D (clocked by sys_clk_pin). Large setup violations at the end of those stages might be difficult to fix during the post-placement implementation flow and could be the result of non-optimal XDC constraints or non-optimal design architecture
Related violations: <none>

TIMING-16#64 Warning
Large setup violation  
There is a large setup violation of -13.906 ns between U_Ultrasonic_Periph/U_Ultrasonic/udr_filter/buffer_reg[0][5]/C (clocked by sys_clk_pin) and U_Ultrasonic_Periph/U_Ultrasonic/udr_filter/data_out_reg[2]/D (clocked by sys_clk_pin). Large setup violations at the end of those stages might be difficult to fix during the post-placement implementation flow and could be the result of non-optimal XDC constraints or non-optimal design architecture
Related violations: <none>

TIMING-16#65 Warning
Large setup violation  
There is a large setup violation of -13.908 ns between U_Ultrasonic_Periph/U_Ultrasonic/udr_filter/buffer_reg[0][5]/C (clocked by sys_clk_pin) and U_Ultrasonic_Periph/U_Ultrasonic/udr_filter/data_out_reg[0]/D (clocked by sys_clk_pin). Large setup violations at the end of those stages might be difficult to fix during the post-placement implementation flow and could be the result of non-optimal XDC constraints or non-optimal design architecture
Related violations: <none>

TIMING-16#66 Warning
Large setup violation  
There is a large setup violation of -13.985 ns between U_Ultrasonic_Periph/U_Ultrasonic/udr_filter/buffer_reg[0][5]/C (clocked by sys_clk_pin) and U_Ultrasonic_Periph/U_Ultrasonic/udr_filter/data_out_reg[6]/D (clocked by sys_clk_pin). Large setup violations at the end of those stages might be difficult to fix during the post-placement implementation flow and could be the result of non-optimal XDC constraints or non-optimal design architecture
Related violations: <none>

TIMING-16#67 Warning
Large setup violation  
There is a large setup violation of -2.051 ns between U_Core/U_DataPath/U_PC/q_reg[6]/C (clocked by sys_clk_pin) and U_DataPath/U_RegFile/RegFile_reg_r2_0_31_12_17/RAMC/I (clocked by sys_clk_pin). Large setup violations at the end of those stages might be difficult to fix during the post-placement implementation flow and could be the result of non-optimal XDC constraints or non-optimal design architecture
Related violations: <none>

TIMING-16#68 Warning
Large setup violation  
There is a large setup violation of -2.053 ns between U_Core/U_DataPath/U_PC/q_reg[6]/C (clocked by sys_clk_pin) and U_Core/U_DataPath/U_ExeReg_PCSrcMux/q_reg[31]/D (clocked by sys_clk_pin). Large setup violations at the end of those stages might be difficult to fix during the post-placement implementation flow and could be the result of non-optimal XDC constraints or non-optimal design architecture
Related violations: <none>

TIMING-16#69 Warning
Large setup violation  
There is a large setup violation of -2.071 ns between U_Core/U_DataPath/U_PC/q_reg[6]/C (clocked by sys_clk_pin) and U_DataPath/U_RegFile/RegFile_reg_r2_0_31_0_5/RAMB_D1/I (clocked by sys_clk_pin). Large setup violations at the end of those stages might be difficult to fix during the post-placement implementation flow and could be the result of non-optimal XDC constraints or non-optimal design architecture
Related violations: <none>

TIMING-16#70 Warning
Large setup violation  
There is a large setup violation of -2.073 ns between U_Core/U_DataPath/U_PC/q_reg[6]/C (clocked by sys_clk_pin) and U_DataPath/U_RegFile/RegFile_reg_r1_0_31_6_11/RAMB/I (clocked by sys_clk_pin). Large setup violations at the end of those stages might be difficult to fix during the post-placement implementation flow and could be the result of non-optimal XDC constraints or non-optimal design architecture
Related violations: <none>

TIMING-16#71 Warning
Large setup violation  
There is a large setup violation of -2.087 ns between U_Core/U_DataPath/U_PC/q_reg[6]/C (clocked by sys_clk_pin) and U_DataPath/U_RegFile/RegFile_reg_r2_0_31_6_11/RAMB/I (clocked by sys_clk_pin). Large setup violations at the end of those stages might be difficult to fix during the post-placement implementation flow and could be the result of non-optimal XDC constraints or non-optimal design architecture
Related violations: <none>

TIMING-16#72 Warning
Large setup violation  
There is a large setup violation of -2.095 ns between U_Core/U_DataPath/U_PC/q_reg[6]/C (clocked by sys_clk_pin) and U_DataPath/U_RegFile/RegFile_reg_r2_0_31_12_17/RAMC_D1/I (clocked by sys_clk_pin). Large setup violations at the end of those stages might be difficult to fix during the post-placement implementation flow and could be the result of non-optimal XDC constraints or non-optimal design architecture
Related violations: <none>

TIMING-16#73 Warning
Large setup violation  
There is a large setup violation of -2.104 ns between U_Core/U_DataPath/U_PC/q_reg[6]/C (clocked by sys_clk_pin) and U_DataPath/U_RegFile/RegFile_reg_r2_0_31_18_23/RAMA_D1/I (clocked by sys_clk_pin). Large setup violations at the end of those stages might be difficult to fix during the post-placement implementation flow and could be the result of non-optimal XDC constraints or non-optimal design architecture
Related violations: <none>

TIMING-16#74 Warning
Large setup violation  
There is a large setup violation of -2.118 ns between U_Core/U_DataPath/U_PC/q_reg[6]/C (clocked by sys_clk_pin) and U_DataPath/U_RegFile/RegFile_reg_r1_0_31_0_5/RAMB_D1/I (clocked by sys_clk_pin). Large setup violations at the end of those stages might be difficult to fix during the post-placement implementation flow and could be the result of non-optimal XDC constraints or non-optimal design architecture
Related violations: <none>

TIMING-16#75 Warning
Large setup violation  
There is a large setup violation of -2.134 ns between U_Core/U_DataPath/U_PC/q_reg[6]/C (clocked by sys_clk_pin) and U_DataPath/U_RegFile/RegFile_reg_r1_0_31_12_17/RAMA_D1/I (clocked by sys_clk_pin). Large setup violations at the end of those stages might be difficult to fix during the post-placement implementation flow and could be the result of non-optimal XDC constraints or non-optimal design architecture
Related violations: <none>

TIMING-16#76 Warning
Large setup violation  
There is a large setup violation of -2.189 ns between U_Core/U_DataPath/U_PC/q_reg[6]/C (clocked by sys_clk_pin) and U_DataPath/U_RegFile/RegFile_reg_r1_0_31_0_5/RAMC_D1/I (clocked by sys_clk_pin). Large setup violations at the end of those stages might be difficult to fix during the post-placement implementation flow and could be the result of non-optimal XDC constraints or non-optimal design architecture
Related violations: <none>

TIMING-16#77 Warning
Large setup violation  
There is a large setup violation of -2.191 ns between U_Core/U_DataPath/U_PC/q_reg[6]/C (clocked by sys_clk_pin) and U_DataPath/U_RegFile/RegFile_reg_r2_0_31_18_23/RAMB/I (clocked by sys_clk_pin). Large setup violations at the end of those stages might be difficult to fix during the post-placement implementation flow and could be the result of non-optimal XDC constraints or non-optimal design architecture
Related violations: <none>

TIMING-16#78 Warning
Large setup violation  
There is a large setup violation of -2.237 ns between U_Core/U_DataPath/U_PC/q_reg[6]/C (clocked by sys_clk_pin) and U_DataPath/U_RegFile/RegFile_reg_r1_0_31_18_23/RAMC/I (clocked by sys_clk_pin). Large setup violations at the end of those stages might be difficult to fix during the post-placement implementation flow and could be the result of non-optimal XDC constraints or non-optimal design architecture
Related violations: <none>

TIMING-16#79 Warning
Large setup violation  
There is a large setup violation of -2.270 ns between U_Core/U_DataPath/U_PC/q_reg[6]/C (clocked by sys_clk_pin) and U_DataPath/U_RegFile/RegFile_reg_r1_0_31_6_11/RAMC/I (clocked by sys_clk_pin). Large setup violations at the end of those stages might be difficult to fix during the post-placement implementation flow and could be the result of non-optimal XDC constraints or non-optimal design architecture
Related violations: <none>

TIMING-16#80 Warning
Large setup violation  
There is a large setup violation of -2.271 ns between U_Core/U_DataPath/U_PC/q_reg[6]/C (clocked by sys_clk_pin) and U_DataPath/U_RegFile/RegFile_reg_r2_0_31_6_11/RAMB_D1/I (clocked by sys_clk_pin). Large setup violations at the end of those stages might be difficult to fix during the post-placement implementation flow and could be the result of non-optimal XDC constraints or non-optimal design architecture
Related violations: <none>

TIMING-16#81 Warning
Large setup violation  
There is a large setup violation of -2.274 ns between U_Core/U_DataPath/U_PC/q_reg[6]/C (clocked by sys_clk_pin) and U_DataPath/U_RegFile/RegFile_reg_r2_0_31_12_17/RAMA_D1/I (clocked by sys_clk_pin). Large setup violations at the end of those stages might be difficult to fix during the post-placement implementation flow and could be the result of non-optimal XDC constraints or non-optimal design architecture
Related violations: <none>

TIMING-16#82 Warning
Large setup violation  
There is a large setup violation of -2.287 ns between U_Core/U_DataPath/U_PC/q_reg[6]/C (clocked by sys_clk_pin) and U_DataPath/U_RegFile/RegFile_reg_r2_0_31_0_5/RAMC_D1/I (clocked by sys_clk_pin). Large setup violations at the end of those stages might be difficult to fix during the post-placement implementation flow and could be the result of non-optimal XDC constraints or non-optimal design architecture
Related violations: <none>

TIMING-16#83 Warning
Large setup violation  
There is a large setup violation of -2.306 ns between U_Core/U_DataPath/U_PC/q_reg[6]/C (clocked by sys_clk_pin) and U_DataPath/U_RegFile/RegFile_reg_r1_0_31_6_11/RAMB_D1/I (clocked by sys_clk_pin). Large setup violations at the end of those stages might be difficult to fix during the post-placement implementation flow and could be the result of non-optimal XDC constraints or non-optimal design architecture
Related violations: <none>

TIMING-16#84 Warning
Large setup violation  
There is a large setup violation of -2.347 ns between U_Core/U_DataPath/U_PC/q_reg[6]/C (clocked by sys_clk_pin) and U_DataPath/U_RegFile/RegFile_reg_r2_0_31_12_17/RAMB/I (clocked by sys_clk_pin). Large setup violations at the end of those stages might be difficult to fix during the post-placement implementation flow and could be the result of non-optimal XDC constraints or non-optimal design architecture
Related violations: <none>

TIMING-16#85 Warning
Large setup violation  
There is a large setup violation of -2.361 ns between U_Core/U_DataPath/U_PC/q_reg[6]/C (clocked by sys_clk_pin) and U_DataPath/U_RegFile/RegFile_reg_r1_0_31_18_23/RAMA_D1/I (clocked by sys_clk_pin). Large setup violations at the end of those stages might be difficult to fix during the post-placement implementation flow and could be the result of non-optimal XDC constraints or non-optimal design architecture
Related violations: <none>

TIMING-16#86 Warning
Large setup violation  
There is a large setup violation of -2.364 ns between U_Core/U_DataPath/U_PC/q_reg[6]/C (clocked by sys_clk_pin) and U_DataPath/U_RegFile/RegFile_reg_r1_0_31_12_17/RAMC_D1/I (clocked by sys_clk_pin). Large setup violations at the end of those stages might be difficult to fix during the post-placement implementation flow and could be the result of non-optimal XDC constraints or non-optimal design architecture
Related violations: <none>

TIMING-16#87 Warning
Large setup violation  
There is a large setup violation of -2.365 ns between U_Core/U_DataPath/U_PC/q_reg[6]/C (clocked by sys_clk_pin) and U_DataPath/U_RegFile/RegFile_reg_r2_0_31_12_17/RAMA/I (clocked by sys_clk_pin). Large setup violations at the end of those stages might be difficult to fix during the post-placement implementation flow and could be the result of non-optimal XDC constraints or non-optimal design architecture
Related violations: <none>

TIMING-16#88 Warning
Large setup violation  
There is a large setup violation of -2.366 ns between U_Core/U_DataPath/U_PC/q_reg[6]/C (clocked by sys_clk_pin) and U_DataPath/U_RegFile/RegFile_reg_r1_0_31_12_17/RAMA/I (clocked by sys_clk_pin). Large setup violations at the end of those stages might be difficult to fix during the post-placement implementation flow and could be the result of non-optimal XDC constraints or non-optimal design architecture
Related violations: <none>

TIMING-16#89 Warning
Large setup violation  
There is a large setup violation of -2.469 ns between U_Core/U_DataPath/U_PC/q_reg[6]/C (clocked by sys_clk_pin) and U_DataPath/U_RegFile/RegFile_reg_r1_0_31_6_11/RAMC_D1/I (clocked by sys_clk_pin). Large setup violations at the end of those stages might be difficult to fix during the post-placement implementation flow and could be the result of non-optimal XDC constraints or non-optimal design architecture
Related violations: <none>

TIMING-16#90 Warning
Large setup violation  
There is a large setup violation of -2.471 ns between U_Core/U_DataPath/U_PC/q_reg[6]/C (clocked by sys_clk_pin) and U_DataPath/U_RegFile/RegFile_reg_r1_0_31_18_23/RAMB/I (clocked by sys_clk_pin). Large setup violations at the end of those stages might be difficult to fix during the post-placement implementation flow and could be the result of non-optimal XDC constraints or non-optimal design architecture
Related violations: <none>

TIMING-16#91 Warning
Large setup violation  
There is a large setup violation of -2.478 ns between U_Core/U_DataPath/U_PC/q_reg[6]/C (clocked by sys_clk_pin) and U_DataPath/U_RegFile/RegFile_reg_r2_0_31_18_23/RAMC/I (clocked by sys_clk_pin). Large setup violations at the end of those stages might be difficult to fix during the post-placement implementation flow and could be the result of non-optimal XDC constraints or non-optimal design architecture
Related violations: <none>

TIMING-16#92 Warning
Large setup violation  
There is a large setup violation of -2.502 ns between U_Core/U_DataPath/U_PC/q_reg[6]/C (clocked by sys_clk_pin) and U_DataPath/U_RegFile/RegFile_reg_r1_0_31_12_17/RAMB/I (clocked by sys_clk_pin). Large setup violations at the end of those stages might be difficult to fix during the post-placement implementation flow and could be the result of non-optimal XDC constraints or non-optimal design architecture
Related violations: <none>

TIMING-16#93 Warning
Large setup violation  
There is a large setup violation of -2.591 ns between U_Core/U_DataPath/U_PC/q_reg[6]/C (clocked by sys_clk_pin) and U_DataPath/U_RegFile/RegFile_reg_r2_0_31_6_11/RAMC_D1/I (clocked by sys_clk_pin). Large setup violations at the end of those stages might be difficult to fix during the post-placement implementation flow and could be the result of non-optimal XDC constraints or non-optimal design architecture
Related violations: <none>

TIMING-16#94 Warning
Large setup violation  
There is a large setup violation of -2.593 ns between U_Core/U_DataPath/U_PC/q_reg[6]/C (clocked by sys_clk_pin) and U_DataPath/U_RegFile/RegFile_reg_r2_0_31_6_11/RAMC/I (clocked by sys_clk_pin). Large setup violations at the end of those stages might be difficult to fix during the post-placement implementation flow and could be the result of non-optimal XDC constraints or non-optimal design architecture
Related violations: <none>

TIMING-16#95 Warning
Large setup violation  
There is a large setup violation of -2.595 ns between U_Core/U_DataPath/U_PC/q_reg[6]/C (clocked by sys_clk_pin) and U_DataPath/U_RegFile/RegFile_reg_r2_0_31_24_29/RAMA/I (clocked by sys_clk_pin). Large setup violations at the end of those stages might be difficult to fix during the post-placement implementation flow and could be the result of non-optimal XDC constraints or non-optimal design architecture
Related violations: <none>

TIMING-16#96 Warning
Large setup violation  
There is a large setup violation of -2.677 ns between U_Core/U_DataPath/U_PC/q_reg[6]/C (clocked by sys_clk_pin) and U_DataPath/U_RegFile/RegFile_reg_r2_0_31_24_29/RAMA_D1/I (clocked by sys_clk_pin). Large setup violations at the end of those stages might be difficult to fix during the post-placement implementation flow and could be the result of non-optimal XDC constraints or non-optimal design architecture
Related violations: <none>

TIMING-16#97 Warning
Large setup violation  
There is a large setup violation of -2.687 ns between U_Core/U_DataPath/U_PC/q_reg[6]/C (clocked by sys_clk_pin) and U_DataPath/U_RegFile/RegFile_reg_r2_0_31_18_23/RAMA/I (clocked by sys_clk_pin). Large setup violations at the end of those stages might be difficult to fix during the post-placement implementation flow and could be the result of non-optimal XDC constraints or non-optimal design architecture
Related violations: <none>

TIMING-16#98 Warning
Large setup violation  
There is a large setup violation of -2.695 ns between U_Core/U_DataPath/U_PC/q_reg[6]/C (clocked by sys_clk_pin) and U_DataPath/U_RegFile/RegFile_reg_r2_0_31_24_29/RAMB_D1/I (clocked by sys_clk_pin). Large setup violations at the end of those stages might be difficult to fix during the post-placement implementation flow and could be the result of non-optimal XDC constraints or non-optimal design architecture
Related violations: <none>

TIMING-16#99 Warning
Large setup violation  
There is a large setup violation of -2.697 ns between U_Core/U_DataPath/U_PC/q_reg[6]/C (clocked by sys_clk_pin) and U_DataPath/U_RegFile/RegFile_reg_r2_0_31_30_31/RAMA_D1/I (clocked by sys_clk_pin). Large setup violations at the end of those stages might be difficult to fix during the post-placement implementation flow and could be the result of non-optimal XDC constraints or non-optimal design architecture
Related violations: <none>

TIMING-16#100 Warning
Large setup violation  
There is a large setup violation of -2.810 ns between U_Core/U_DataPath/U_PC/q_reg[6]/C (clocked by sys_clk_pin) and U_DataPath/U_RegFile/RegFile_reg_r2_0_31_30_31/RAMA/I (clocked by sys_clk_pin). Large setup violations at the end of those stages might be difficult to fix during the post-placement implementation flow and could be the result of non-optimal XDC constraints or non-optimal design architecture
Related violations: <none>

TIMING-16#101 Warning
Large setup violation  
There is a large setup violation of -2.811 ns between U_Core/U_DataPath/U_PC/q_reg[6]/C (clocked by sys_clk_pin) and U_DataPath/U_RegFile/RegFile_reg_r2_0_31_24_29/RAMB/I (clocked by sys_clk_pin). Large setup violations at the end of those stages might be difficult to fix during the post-placement implementation flow and could be the result of non-optimal XDC constraints or non-optimal design architecture
Related violations: <none>

TIMING-16#102 Warning
Large setup violation  
There is a large setup violation of -2.822 ns between U_Core/U_DataPath/U_PC/q_reg[6]/C (clocked by sys_clk_pin) and U_DataPath/U_RegFile/RegFile_reg_r1_0_31_30_31/RAMA_D1/I (clocked by sys_clk_pin). Large setup violations at the end of those stages might be difficult to fix during the post-placement implementation flow and could be the result of non-optimal XDC constraints or non-optimal design architecture
Related violations: <none>

TIMING-16#103 Warning
Large setup violation  
There is a large setup violation of -2.841 ns between U_Core/U_DataPath/U_PC/q_reg[6]/C (clocked by sys_clk_pin) and U_DataPath/U_RegFile/RegFile_reg_r1_0_31_24_29/RAMB_D1/I (clocked by sys_clk_pin). Large setup violations at the end of those stages might be difficult to fix during the post-placement implementation flow and could be the result of non-optimal XDC constraints or non-optimal design architecture
Related violations: <none>

TIMING-16#104 Warning
Large setup violation  
There is a large setup violation of -2.851 ns between U_Core/U_DataPath/U_PC/q_reg[6]/C (clocked by sys_clk_pin) and U_DataPath/U_RegFile/RegFile_reg_r1_0_31_30_31/RAMA/I (clocked by sys_clk_pin). Large setup violations at the end of those stages might be difficult to fix during the post-placement implementation flow and could be the result of non-optimal XDC constraints or non-optimal design architecture
Related violations: <none>

TIMING-16#105 Warning
Large setup violation  
There is a large setup violation of -2.862 ns between U_Core/U_DataPath/U_PC/q_reg[6]/C (clocked by sys_clk_pin) and U_DataPath/U_RegFile/RegFile_reg_r1_0_31_18_23/RAMC_D1/I (clocked by sys_clk_pin). Large setup violations at the end of those stages might be difficult to fix during the post-placement implementation flow and could be the result of non-optimal XDC constraints or non-optimal design architecture
Related violations: <none>

TIMING-16#106 Warning
Large setup violation  
There is a large setup violation of -2.896 ns between U_Core/U_DataPath/U_PC/q_reg[6]/C (clocked by sys_clk_pin) and U_DataPath/U_RegFile/RegFile_reg_r1_0_31_18_23/RAMB_D1/I (clocked by sys_clk_pin). Large setup violations at the end of those stages might be difficult to fix during the post-placement implementation flow and could be the result of non-optimal XDC constraints or non-optimal design architecture
Related violations: <none>

TIMING-16#107 Warning
Large setup violation  
There is a large setup violation of -2.896 ns between U_Core/U_DataPath/U_PC/q_reg[6]/C (clocked by sys_clk_pin) and U_DataPath/U_RegFile/RegFile_reg_r2_0_31_18_23/RAMB_D1/I (clocked by sys_clk_pin). Large setup violations at the end of those stages might be difficult to fix during the post-placement implementation flow and could be the result of non-optimal XDC constraints or non-optimal design architecture
Related violations: <none>

TIMING-16#108 Warning
Large setup violation  
There is a large setup violation of -2.918 ns between U_Core/U_DataPath/U_PC/q_reg[6]/C (clocked by sys_clk_pin) and U_DataPath/U_RegFile/RegFile_reg_r1_0_31_24_29/RAMC/I (clocked by sys_clk_pin). Large setup violations at the end of those stages might be difficult to fix during the post-placement implementation flow and could be the result of non-optimal XDC constraints or non-optimal design architecture
Related violations: <none>

TIMING-16#109 Warning
Large setup violation  
There is a large setup violation of -2.920 ns between U_Core/U_DataPath/U_PC/q_reg[6]/C (clocked by sys_clk_pin) and U_DataPath/U_RegFile/RegFile_reg_r2_0_31_24_29/RAMC/I (clocked by sys_clk_pin). Large setup violations at the end of those stages might be difficult to fix during the post-placement implementation flow and could be the result of non-optimal XDC constraints or non-optimal design architecture
Related violations: <none>

TIMING-16#110 Warning
Large setup violation  
There is a large setup violation of -2.950 ns between U_Core/U_DataPath/U_PC/q_reg[6]/C (clocked by sys_clk_pin) and U_DataPath/U_RegFile/RegFile_reg_r1_0_31_24_29/RAMB/I (clocked by sys_clk_pin). Large setup violations at the end of those stages might be difficult to fix during the post-placement implementation flow and could be the result of non-optimal XDC constraints or non-optimal design architecture
Related violations: <none>

TIMING-16#111 Warning
Large setup violation  
There is a large setup violation of -2.952 ns between U_Core/U_DataPath/U_PC/q_reg[6]/C (clocked by sys_clk_pin) and U_DataPath/U_RegFile/RegFile_reg_r1_0_31_18_23/RAMA/I (clocked by sys_clk_pin). Large setup violations at the end of those stages might be difficult to fix during the post-placement implementation flow and could be the result of non-optimal XDC constraints or non-optimal design architecture
Related violations: <none>

TIMING-16#112 Warning
Large setup violation  
There is a large setup violation of -2.960 ns between U_Core/U_DataPath/U_PC/q_reg[6]/C (clocked by sys_clk_pin) and U_DataPath/U_RegFile/RegFile_reg_r1_0_31_24_29/RAMA_D1/I (clocked by sys_clk_pin). Large setup violations at the end of those stages might be difficult to fix during the post-placement implementation flow and could be the result of non-optimal XDC constraints or non-optimal design architecture
Related violations: <none>

TIMING-16#113 Warning
Large setup violation  
There is a large setup violation of -2.996 ns between U_Core/U_DataPath/U_PC/q_reg[6]/C (clocked by sys_clk_pin) and U_DataPath/U_RegFile/RegFile_reg_r1_0_31_12_17/RAMB_D1/I (clocked by sys_clk_pin). Large setup violations at the end of those stages might be difficult to fix during the post-placement implementation flow and could be the result of non-optimal XDC constraints or non-optimal design architecture
Related violations: <none>

TIMING-16#114 Warning
Large setup violation  
There is a large setup violation of -3.020 ns between U_Core/U_DataPath/U_PC/q_reg[6]/C (clocked by sys_clk_pin) and U_DataPath/U_RegFile/RegFile_reg_r2_0_31_18_23/RAMC_D1/I (clocked by sys_clk_pin). Large setup violations at the end of those stages might be difficult to fix during the post-placement implementation flow and could be the result of non-optimal XDC constraints or non-optimal design architecture
Related violations: <none>

TIMING-16#115 Warning
Large setup violation  
There is a large setup violation of -3.041 ns between U_Core/U_DataPath/U_PC/q_reg[6]/C (clocked by sys_clk_pin) and U_DataPath/U_RegFile/RegFile_reg_r1_0_31_24_29/RAMC_D1/I (clocked by sys_clk_pin). Large setup violations at the end of those stages might be difficult to fix during the post-placement implementation flow and could be the result of non-optimal XDC constraints or non-optimal design architecture
Related violations: <none>

TIMING-16#116 Warning
Large setup violation  
There is a large setup violation of -3.042 ns between U_Core/U_DataPath/U_PC/q_reg[6]/C (clocked by sys_clk_pin) and U_DataPath/U_RegFile/RegFile_reg_r2_0_31_24_29/RAMC_D1/I (clocked by sys_clk_pin). Large setup violations at the end of those stages might be difficult to fix during the post-placement implementation flow and could be the result of non-optimal XDC constraints or non-optimal design architecture
Related violations: <none>

TIMING-16#117 Warning
Large setup violation  
There is a large setup violation of -3.060 ns between U_Core/U_DataPath/U_PC/q_reg[6]/C (clocked by sys_clk_pin) and U_DataPath/U_RegFile/RegFile_reg_r1_0_31_24_29/RAMA/I (clocked by sys_clk_pin). Large setup violations at the end of those stages might be difficult to fix during the post-placement implementation flow and could be the result of non-optimal XDC constraints or non-optimal design architecture
Related violations: <none>

TIMING-16#118 Warning
Large setup violation  
There is a large setup violation of -3.136 ns between U_Core/U_DataPath/U_PC/q_reg[6]/C (clocked by sys_clk_pin) and U_DataPath/U_RegFile/RegFile_reg_r2_0_31_12_17/RAMB_D1/I (clocked by sys_clk_pin). Large setup violations at the end of those stages might be difficult to fix during the post-placement implementation flow and could be the result of non-optimal XDC constraints or non-optimal design architecture
Related violations: <none>

TIMING-18#1 Warning
Missing input or output delay  
An input delay is missing on GPIOA[0] relative to clock(s) sys_clk_pin
Related violations: <none>

TIMING-18#2 Warning
Missing input or output delay  
An input delay is missing on GPIOA[1] relative to clock(s) sys_clk_pin
Related violations: <none>

TIMING-18#3 Warning
Missing input or output delay  
An input delay is missing on GPIOA[2] relative to clock(s) sys_clk_pin
Related violations: <none>

TIMING-18#4 Warning
Missing input or output delay  
An input delay is missing on GPIOA[3] relative to clock(s) sys_clk_pin
Related violations: <none>

TIMING-18#5 Warning
Missing input or output delay  
An input delay is missing on GPIOA[4] relative to clock(s) sys_clk_pin
Related violations: <none>

TIMING-18#6 Warning
Missing input or output delay  
An input delay is missing on GPIOA[5] relative to clock(s) sys_clk_pin
Related violations: <none>

TIMING-18#7 Warning
Missing input or output delay  
An input delay is missing on GPIOA[6] relative to clock(s) sys_clk_pin
Related violations: <none>

TIMING-18#8 Warning
Missing input or output delay  
An input delay is missing on GPIOA[7] relative to clock(s) sys_clk_pin
Related violations: <none>

TIMING-18#9 Warning
Missing input or output delay  
An input delay is missing on GPIOB[0] relative to clock(s) sys_clk_pin
Related violations: <none>

TIMING-18#10 Warning
Missing input or output delay  
An input delay is missing on GPIOB[1] relative to clock(s) sys_clk_pin
Related violations: <none>

TIMING-18#11 Warning
Missing input or output delay  
An input delay is missing on GPIOB[2] relative to clock(s) sys_clk_pin
Related violations: <none>

TIMING-18#12 Warning
Missing input or output delay  
An input delay is missing on GPIOB[3] relative to clock(s) sys_clk_pin
Related violations: <none>

TIMING-18#13 Warning
Missing input or output delay  
An input delay is missing on GPIOB[4] relative to clock(s) sys_clk_pin
Related violations: <none>

TIMING-18#14 Warning
Missing input or output delay  
An input delay is missing on GPIOB[5] relative to clock(s) sys_clk_pin
Related violations: <none>

TIMING-18#15 Warning
Missing input or output delay  
An input delay is missing on GPIOB[6] relative to clock(s) sys_clk_pin
Related violations: <none>

TIMING-18#16 Warning
Missing input or output delay  
An input delay is missing on GPIOB[7] relative to clock(s) sys_clk_pin
Related violations: <none>

TIMING-18#17 Warning
Missing input or output delay  
An input delay is missing on GPIOC[0] relative to clock(s) sys_clk_pin
Related violations: <none>

TIMING-18#18 Warning
Missing input or output delay  
An input delay is missing on GPIOC[1] relative to clock(s) sys_clk_pin
Related violations: <none>

TIMING-18#19 Warning
Missing input or output delay  
An input delay is missing on GPIOC[2] relative to clock(s) sys_clk_pin
Related violations: <none>

TIMING-18#20 Warning
Missing input or output delay  
An input delay is missing on GPIOC[3] relative to clock(s) sys_clk_pin
Related violations: <none>

TIMING-18#21 Warning
Missing input or output delay  
An input delay is missing on GPIOC[4] relative to clock(s) sys_clk_pin
Related violations: <none>

TIMING-18#22 Warning
Missing input or output delay  
An input delay is missing on GPIOC[5] relative to clock(s) sys_clk_pin
Related violations: <none>

TIMING-18#23 Warning
Missing input or output delay  
An input delay is missing on GPIOC[6] relative to clock(s) sys_clk_pin
Related violations: <none>

TIMING-18#24 Warning
Missing input or output delay  
An input delay is missing on GPIOC[7] relative to clock(s) sys_clk_pin
Related violations: <none>

TIMING-18#25 Warning
Missing input or output delay  
An input delay is missing on dht_io relative to clock(s) sys_clk_pin
Related violations: <none>

TIMING-18#26 Warning
Missing input or output delay  
An input delay is missing on echo relative to clock(s) sys_clk_pin
Related violations: <none>

TIMING-18#27 Warning
Missing input or output delay  
An input delay is missing on reset relative to clock(s) sys_clk_pin
Related violations: <none>

TIMING-18#28 Warning
Missing input or output delay  
An input delay is missing on tilt_sensor relative to clock(s) sys_clk_pin
Related violations: <none>

TIMING-18#29 Warning
Missing input or output delay  
An output delay is missing on trig relative to clock(s) sys_clk_pin
Related violations: <none>

TIMING-18#30 Warning
Missing input or output delay  
An output delay is missing on tx relative to clock(s) sys_clk_pin
Related violations: <none>


